Using pre-set license
Built from '2020.3/staging' branch; Version is '2020.3.38f1 (8f5fde82e2dc) revision 9396190'; Using compiler version '192528614'; Build Type 'Release'
OS: 'Windows 10  (10.0.19043) 64bit Professional' Language: 'ko' Physical Memory: 16107 MB
BatchMode: 1, IsHumanControllingUs: 0, StartBugReporterOnCrash: 0, Is64bit: 1, IsPro: 0

COMMAND LINE ARGUMENTS:
C:\Program Files\Unity\Hub\Editor\2020.3.38f1\Editor\Unity.exe
-adb2
-batchMode
-noUpm
-name
AssetImportWorker0
-projectPath
C:/Users/DSM2022/OneDrive/문서/GitHub/MTE_For_File_Movement/TeamProjectMap
-logFile
Logs/AssetImportWorker0.log
-srvPort
63152
Successfully changed project path to: C:/Users/DSM2022/OneDrive/문서/GitHub/MTE_For_File_Movement/TeamProjectMap
C:/Users/DSM2022/OneDrive/문서/GitHub/MTE_For_File_Movement/TeamProjectMap
Using Asset Import Pipeline V2.
Refreshing native plugins compatible for Editor in 75.71 ms, found 3 plugins.
Preloading 0 native plugins for Editor in 0.00 ms.
Initialize engine version: 2020.3.38f1 (8f5fde82e2dc)
[Subsystems] Discovering subsystems at path C:/Program Files/Unity/Hub/Editor/2020.3.38f1/Editor/Data/Resources/UnitySubsystems
[Subsystems] Discovering subsystems at path C:/Users/DSM2022/OneDrive/문서/GitHub/MTE_For_File_Movement/TeamProjectMap/Assets
GfxDevice: creating device client; threaded=0
Direct3D:
    Version:  Direct3D 11.0 [level 11.1]
    Renderer: Intel(R) Iris(R) Xe Graphics (ID=0x9a49)
    Vendor:   
    VRAM:     8053 MB
    Driver:   27.20.100.9415
Initialize mono
Mono path[0] = 'C:/Program Files/Unity/Hub/Editor/2020.3.38f1/Editor/Data/Managed'
Mono path[1] = 'C:/Program Files/Unity/Hub/Editor/2020.3.38f1/Editor/Data/MonoBleedingEdge/lib/mono/unityjit'
Mono config path = 'C:/Program Files/Unity/Hub/Editor/2020.3.38f1/Editor/Data/MonoBleedingEdge/etc'
Using monoOptions --debugger-agent=transport=dt_socket,embedding=1,server=y,suspend=n,address=127.0.0.1:56920
Begin MonoManager ReloadAssembly
Registering precompiled unity dll's ...
Register platform support module: C:/Program Files/Unity/Hub/Editor/2020.3.38f1/Editor/Data/PlaybackEngines/WindowsStandaloneSupport/UnityEditor.WindowsStandalone.Extensions.dll
Registered in 0.004216 seconds.
Native extension for WindowsStandalone target not found
Refreshing native plugins compatible for Editor in 56.51 ms, found 3 plugins.
Preloading 0 native plugins for Editor in 0.00 ms.
Mono: successfully reloaded assembly
- Completed reload, in  0.718 seconds
Domain Reload Profiling:
	ReloadAssembly (719ms)
		BeginReloadAssembly (79ms)
			ExecutionOrderSort (0ms)
			DisableScriptedObjects (0ms)
			BackupInstance (0ms)
			ReleaseScriptingObjects (0ms)
			CreateAndSetChildDomain (1ms)
		EndReloadAssembly (533ms)
			LoadAssemblies (76ms)
			RebuildTransferFunctionScriptingTraits (0ms)
			SetupTypeCache (177ms)
			ReleaseScriptCaches (0ms)
			RebuildScriptCaches (31ms)
			SetupLoadedEditorAssemblies (178ms)
				LogAssemblyErrors (0ms)
				InitializePlatformSupportModulesInManaged (5ms)
				SetLoadedEditorAssemblies (0ms)
				RefreshPlugins (57ms)
				BeforeProcessingInitializeOnLoad (7ms)
				ProcessInitializeOnLoadAttributes (79ms)
				ProcessInitializeOnLoadMethodAttributes (29ms)
				AfterProcessingInitializeOnLoad (0ms)
				EditorAssembliesLoaded (0ms)
			ExecutionOrderSort2 (0ms)
			AwakeInstancesAfterBackupRestoration (0ms)
Platform modules already initialized, skipping
Registering precompiled user dll's ...
Registered in 0.009268 seconds.
Begin MonoManager ReloadAssembly
Native extension for WindowsStandalone target not found
Refreshing native plugins compatible for Editor in 70.31 ms, found 3 plugins.
Preloading 0 native plugins for Editor in 0.00 ms.
Mono: successfully reloaded assembly
- Completed reload, in  1.527 seconds
Domain Reload Profiling:
	ReloadAssembly (1528ms)
		BeginReloadAssembly (237ms)
			ExecutionOrderSort (0ms)
			DisableScriptedObjects (8ms)
			BackupInstance (0ms)
			ReleaseScriptingObjects (0ms)
			CreateAndSetChildDomain (22ms)
		EndReloadAssembly (1197ms)
			LoadAssemblies (190ms)
			RebuildTransferFunctionScriptingTraits (0ms)
			SetupTypeCache (367ms)
			ReleaseScriptCaches (1ms)
			RebuildScriptCaches (81ms)
			SetupLoadedEditorAssemblies (443ms)
				LogAssemblyErrors (0ms)
				InitializePlatformSupportModulesInManaged (7ms)
				SetLoadedEditorAssemblies (0ms)
				RefreshPlugins (70ms)
				BeforeProcessingInitializeOnLoad (98ms)
				ProcessInitializeOnLoadAttributes (238ms)
				ProcessInitializeOnLoadMethodAttributes (20ms)
				AfterProcessingInitializeOnLoad (8ms)
				EditorAssembliesLoaded (0ms)
			ExecutionOrderSort2 (0ms)
			AwakeInstancesAfterBackupRestoration (2ms)
Platform modules already initialized, skipping
========================================================================
Worker process is ready to serve import requests
Launched and connected shader compiler UnityShaderCompiler.exe after 0.06 seconds
Refreshing native plugins compatible for Editor in 0.42 ms, found 3 plugins.
Preloading 0 native plugins for Editor in 0.00 ms.
Unloading 2220 Unused Serialized files (Serialized files now loaded: 0)
System memory in use before: 98.3 MB.
System memory in use after: 98.2 MB.

Unloading 31 unused Assets to reduce memory usage. Loaded Objects now: 2652.
Total: 2.568100 ms (FindLiveObjects: 0.113400 ms CreateObjectMapping: 0.034100 ms MarkObjects: 2.274100 ms  DeleteObjects: 0.145800 ms)

AssetImportParameters requested are different than current active one (requested -> active):
  custom:framework-win-MediaFoundation: 216162199b28c13a410421893ffa2e32 -> 
  custom:video-decoder-ogg-theora: a1e56fd34408186e4bbccfd4996cb3dc -> 
  custom:container-muxer-webm: aa71ff27fc2769a1b78a27578f13a17b -> 
  custom:container-demuxer-webm: 4f35f7cbe854078d1ac9338744f61a02 -> 
  custom:container-demuxer-ogg: 62fdf1f143b41e24485cea50d1cbac27 -> 
  custom:video-encoder-webm-vp8: eb34c28f22e8b96e1ab97ce403110664 -> 
  custom:video-codec-MediaFoundation-h265: 746d11721c4dcdbdad8f713fa42b33f4 -> 
  custom:video-decoder-webm-vp8: 9c59270c3fd7afecdb556c50c9e8de78 -> 
  custom:audio-decoder-ogg-vorbis: bf7c407c2cedff20999df2af8eb42d56 -> 
  custom:audio-encoder-webm-vorbis: bf7c407c2cedff20999df2af8eb42d56 -> 
========================================================================
Received Import Request.
  path: Assets/Scenes/Stage 2/Stage 2 Boss(Named).unity
  artifactKey: Guid(038e2f54fd562244d8a9e9a5bf85cecf) Importer(815301076,1909f56bfc062723c751e8b465ee728b)
Start importing Assets/Scenes/Stage 2/Stage 2 Boss(Named).unity using Guid(038e2f54fd562244d8a9e9a5bf85cecf) Importer(815301076,1909f56bfc062723c751e8b465ee728b)  -> (artifact id: '11beee3588f17a04921314c02e848e72') in 0.006291 seconds 
========================================================================
Received Import Request.
  Time since last request: 202.325367 seconds.
  path: Assets/Scenes/Stage 1/Stage 1.unity
  artifactKey: Guid(2cda990e2423bbf4892e6590ba056729) Importer(815301076,1909f56bfc062723c751e8b465ee728b)
Start importing Assets/Scenes/Stage 1/Stage 1.unity using Guid(2cda990e2423bbf4892e6590ba056729) Importer(815301076,1909f56bfc062723c751e8b465ee728b)  -> (artifact id: '680a02a37692bb0c075d7a3fad23fac0') in 0.004105 seconds 
========================================================================
Received Import Request.
  Time since last request: 81.741083 seconds.
  path: Assets/Scenes/Stage 2/Stage 2.unity
  artifactKey: Guid(3e6ca65ba17ade147a52a9e17fd17f7a) Importer(815301076,1909f56bfc062723c751e8b465ee728b)
Start importing Assets/Scenes/Stage 2/Stage 2.unity using Guid(3e6ca65ba17ade147a52a9e17fd17f7a) Importer(815301076,1909f56bfc062723c751e8b465ee728b)  -> (artifact id: '578b6a5fc54a4319711aa9f1028d09e6') in 0.004048 seconds 
========================================================================
Received Import Request.
  Time since last request: 36.908235 seconds.
  path: Assets/Scenes/Stage 3/Stage 3.unity
  artifactKey: Guid(5f22c52c2efe796429c8103f7e3cb10e) Importer(815301076,1909f56bfc062723c751e8b465ee728b)
Start importing Assets/Scenes/Stage 3/Stage 3.unity using Guid(5f22c52c2efe796429c8103f7e3cb10e) Importer(815301076,1909f56bfc062723c751e8b465ee728b)  -> (artifact id: '0dc8a344167ab115fd65853eab94f1b7') in 0.003976 seconds 
========================================================================
Received Import Request.
  Time since last request: 29.484306 seconds.
  path: Assets/Scenes/Stage 4/Stage 4.unity
  artifactKey: Guid(62d9479d6d075d64981031b4e520d168) Importer(815301076,1909f56bfc062723c751e8b465ee728b)
Start importing Assets/Scenes/Stage 4/Stage 4.unity using Guid(62d9479d6d075d64981031b4e520d168) Importer(815301076,1909f56bfc062723c751e8b465ee728b)  -> (artifact id: '64e34e02aa7edc3cc7bb67a38bf973e9') in 0.004066 seconds 
========================================================================
Received Import Request.
  Time since last request: 48.140598 seconds.
  path: Assets/Scenes/Stage 4/Stage 4.unity
  artifactKey: Guid(62d9479d6d075d64981031b4e520d168) Importer(815301076,1909f56bfc062723c751e8b465ee728b)
Start importing Assets/Scenes/Stage 4/Stage 4.unity using Guid(62d9479d6d075d64981031b4e520d168) Importer(815301076,1909f56bfc062723c751e8b465ee728b)  -> (artifact id: '326adce17d51a4bbf2e4683599ac6d7e') in 0.003469 seconds 
========================================================================
Received Import Request.
  Time since last request: 11.821640 seconds.
  path: Assets/Scenes/Stage 5/Stage 5.unity
  artifactKey: Guid(97a1cec20190beb4693a75033850c2d9) Importer(815301076,1909f56bfc062723c751e8b465ee728b)
Start importing Assets/Scenes/Stage 5/Stage 5.unity using Guid(97a1cec20190beb4693a75033850c2d9) Importer(815301076,1909f56bfc062723c751e8b465ee728b)  -> (artifact id: '23cd6e6cae3530ce35519de8bc336021') in 0.003873 seconds 
========================================================================
Received Import Request.
  Time since last request: 79.485505 seconds.
  path: Assets/Scenes/Stage 6/Stage 6.unity
  artifactKey: Guid(274ba781102880b4b859f299a79ee64c) Importer(815301076,1909f56bfc062723c751e8b465ee728b)
Start importing Assets/Scenes/Stage 6/Stage 6.unity using Guid(274ba781102880b4b859f299a79ee64c) Importer(815301076,1909f56bfc062723c751e8b465ee728b)  -> (artifact id: 'e54fc486cd18cf5c7bb1fe2a049514ec') in 0.004571 seconds 
========================================================================
Received Import Request.
  Time since last request: 146.074828 seconds.
  path: Assets/Scenes/Stage 6/Stage 6 Boss.unity
  artifactKey: Guid(28f921b1252977c49b58431d2dd3616c) Importer(815301076,1909f56bfc062723c751e8b465ee728b)
Start importing Assets/Scenes/Stage 6/Stage 6 Boss.unity using Guid(28f921b1252977c49b58431d2dd3616c) Importer(815301076,1909f56bfc062723c751e8b465ee728b)  -> (artifact id: '6754b8009d609613588a63c0ea71076f') in 0.004588 seconds 
========================================================================
Received Import Request.
  Time since last request: 8.125916 seconds.
  path: Assets/Scenes/Stage 7/Stage 7.unity
  artifactKey: Guid(644a1f70471529e43bcd1e5f9972196a) Importer(815301076,1909f56bfc062723c751e8b465ee728b)
Start importing Assets/Scenes/Stage 7/Stage 7.unity using Guid(644a1f70471529e43bcd1e5f9972196a) Importer(815301076,1909f56bfc062723c751e8b465ee728b)  -> (artifact id: 'b660adf515f7d30e6f39e21a2d550b25') in 0.004032 seconds 
========================================================================
Received Import Request.
  Time since last request: 34.572493 seconds.
  path: Assets/Scenes/Stage 7/Stage 7 Boss.unity
  artifactKey: Guid(5ac01a3d36d20e74ca2254165cf5582d) Importer(815301076,1909f56bfc062723c751e8b465ee728b)
Start importing Assets/Scenes/Stage 7/Stage 7 Boss.unity using Guid(5ac01a3d36d20e74ca2254165cf5582d) Importer(815301076,1909f56bfc062723c751e8b465ee728b)  -> (artifact id: '1e4d8ecf0938f01ee8b9fd3faca2aa50') in 0.003640 seconds 
========================================================================
Received Import Request.
  Time since last request: 10.722041 seconds.
  path: Assets/Scenes/Stage 8/Stage 8.unity
  artifactKey: Guid(7b84a82d23d05044aaefc3e57a8ee206) Importer(815301076,1909f56bfc062723c751e8b465ee728b)
Start importing Assets/Scenes/Stage 8/Stage 8.unity using Guid(7b84a82d23d05044aaefc3e57a8ee206) Importer(815301076,1909f56bfc062723c751e8b465ee728b)  -> (artifact id: '8507d0c10b08cd62f3edd0747d573db0') in 0.004706 seconds 
========================================================================
Received Import Request.
  Time since last request: 40.997642 seconds.
  path: Assets/Scenes/Stage 9/Stage 9.unity
  artifactKey: Guid(265455b7322c51646893b7d131576ff3) Importer(815301076,1909f56bfc062723c751e8b465ee728b)
Start importing Assets/Scenes/Stage 9/Stage 9.unity using Guid(265455b7322c51646893b7d131576ff3) Importer(815301076,1909f56bfc062723c751e8b465ee728b)  -> (artifact id: '317eea6324e1740b421ab1e198d0cb1c') in 0.004453 seconds 
========================================================================
Received Import Request.
  Time since last request: 2.216853 seconds.
  path: Assets/Scenes/Stage 8/Stage 8 Boss.unity
  artifactKey: Guid(40bb58fb10e39bc438529b73dcc242ca) Importer(815301076,1909f56bfc062723c751e8b465ee728b)
Start importing Assets/Scenes/Stage 8/Stage 8 Boss.unity using Guid(40bb58fb10e39bc438529b73dcc242ca) Importer(815301076,1909f56bfc062723c751e8b465ee728b)  -> (artifact id: 'd13a23e86dc16b2159f3240eb97b715b') in 0.004545 seconds 
========================================================================
Received Import Request.
  Time since last request: 238.675331 seconds.
  path: Assets/Scenes/Stage 9/Stage 9.unity
  artifactKey: Guid(265455b7322c51646893b7d131576ff3) Importer(815301076,1909f56bfc062723c751e8b465ee728b)
Start importing Assets/Scenes/Stage 9/Stage 9.unity using Guid(265455b7322c51646893b7d131576ff3) Importer(815301076,1909f56bfc062723c751e8b465ee728b)  -> (artifact id: 'd746e03f2f77b1741e09e3f30ac2e611') in 0.004404 seconds 
AssetImportWorkerClient::OnTransportError - code=2 error=End of file
